\BOOKMARK [1][-]{section.1}{Month A}{}% 1
\BOOKMARK [2][-]{subsection.1.1}{Week 1}{section.1}% 2
\BOOKMARK [3][-]{subsubsection.1.1.1}{Day 1 - Pierogies \046 Sausage w/ Roast Veges}{subsection.1.1}% 3
\BOOKMARK [3][-]{subsubsection.1.1.2}{Day 2}{subsection.1.1}% 4
\BOOKMARK [3][-]{subsubsection.1.1.3}{Day 3 - Spaghetti \046 Meatballs}{subsection.1.1}% 5
\BOOKMARK [3][-]{subsubsection.1.1.4}{Day 4}{subsection.1.1}% 6
\BOOKMARK [3][-]{subsubsection.1.1.5}{Day 5 - Stew \046 Naan}{subsection.1.1}% 7
\BOOKMARK [3][-]{subsubsection.1.1.6}{Day 6}{subsection.1.1}% 8
\BOOKMARK [3][-]{subsubsection.1.1.7}{Day 7}{subsection.1.1}% 9
\BOOKMARK [2][-]{subsection.1.2}{Week 2}{section.1}% 10
\BOOKMARK [3][-]{subsubsection.1.2.1}{Day 1 - Rice paper / Salad Rolls}{subsection.1.2}% 11
\BOOKMARK [3][-]{subsubsection.1.2.2}{Day 2}{subsection.1.2}% 12
\BOOKMARK [3][-]{subsubsection.1.2.3}{Day 3 - Chicken and Quinoa}{subsection.1.2}% 13
\BOOKMARK [3][-]{subsubsection.1.2.4}{Day 4}{subsection.1.2}% 14
\BOOKMARK [3][-]{subsubsection.1.2.5}{Day 5 - Kebabs}{subsection.1.2}% 15
\BOOKMARK [3][-]{subsubsection.1.2.6}{Day 6}{subsection.1.2}% 16
\BOOKMARK [3][-]{subsubsection.1.2.7}{Day 7}{subsection.1.2}% 17
\BOOKMARK [2][-]{subsection.1.3}{Week 3}{section.1}% 18
\BOOKMARK [3][-]{subsubsection.1.3.1}{Day 1 - Butter Chicken}{subsection.1.3}% 19
\BOOKMARK [3][-]{subsubsection.1.3.2}{Day 2}{subsection.1.3}% 20
\BOOKMARK [3][-]{subsubsection.1.3.3}{Day 3 - Mushroom Stroganoff}{subsection.1.3}% 21
\BOOKMARK [3][-]{subsubsection.1.3.4}{Day 4}{subsection.1.3}% 22
\BOOKMARK [3][-]{subsubsection.1.3.5}{Day 5 - Chorizo Tacos}{subsection.1.3}% 23
\BOOKMARK [3][-]{subsubsection.1.3.6}{Day 6}{subsection.1.3}% 24
\BOOKMARK [3][-]{subsubsection.1.3.7}{Day 7}{subsection.1.3}% 25
\BOOKMARK [2][-]{subsection.1.4}{Week 4}{section.1}% 26
\BOOKMARK [3][-]{subsubsection.1.4.1}{Day 1 - Stir Fried Rice}{subsection.1.4}% 27
\BOOKMARK [3][-]{subsubsection.1.4.2}{Day 2}{subsection.1.4}% 28
\BOOKMARK [3][-]{subsubsection.1.4.3}{Day 3 - Turkey \046 Mashed Potatoes}{subsection.1.4}% 29
\BOOKMARK [3][-]{subsubsection.1.4.4}{Day 4}{subsection.1.4}% 30
\BOOKMARK [3][-]{subsubsection.1.4.5}{Day 5 - Lentils \046 Beans}{subsection.1.4}% 31
\BOOKMARK [3][-]{subsubsection.1.4.6}{Day 6}{subsection.1.4}% 32
\BOOKMARK [3][-]{subsubsection.1.4.7}{Day 7}{subsection.1.4}% 33
\BOOKMARK [1][-]{section.2}{Month B}{}% 34
\BOOKMARK [2][-]{subsection.2.1}{Week 1}{section.2}% 35
\BOOKMARK [3][-]{subsubsection.2.1.1}{Day 1 - Glazed Salmon \046 Steamed Veges}{subsection.2.1}% 36
\BOOKMARK [3][-]{subsubsection.2.1.2}{Day 2}{subsection.2.1}% 37
\BOOKMARK [3][-]{subsubsection.2.1.3}{Day 3 - Potato Cheese Casserole}{subsection.2.1}% 38
\BOOKMARK [3][-]{subsubsection.2.1.4}{Day 4}{subsection.2.1}% 39
\BOOKMARK [3][-]{subsubsection.2.1.5}{Day 5 - Hamburgers}{subsection.2.1}% 40
\BOOKMARK [3][-]{subsubsection.2.1.6}{Day 6}{subsection.2.1}% 41
\BOOKMARK [3][-]{subsubsection.2.1.7}{Day 7}{subsection.2.1}% 42
\BOOKMARK [2][-]{subsection.2.2}{Week 2}{section.2}% 43
\BOOKMARK [3][-]{subsubsection.2.2.1}{Day 1 - Homemade Pizza}{subsection.2.2}% 44
\BOOKMARK [3][-]{subsubsection.2.2.2}{Day 2}{subsection.2.2}% 45
\BOOKMARK [3][-]{subsubsection.2.2.3}{Day 3 - Steak \046 Lemon Potatoes}{subsection.2.2}% 46
\BOOKMARK [3][-]{subsubsection.2.2.4}{Day 4}{subsection.2.2}% 47
\BOOKMARK [3][-]{subsubsection.2.2.5}{Day 5 - Schnitzel}{subsection.2.2}% 48
\BOOKMARK [3][-]{subsubsection.2.2.6}{Day 6}{subsection.2.2}% 49
\BOOKMARK [3][-]{subsubsection.2.2.7}{Day 7}{subsection.2.2}% 50
\BOOKMARK [2][-]{subsection.2.3}{Week 3}{section.2}% 51
\BOOKMARK [3][-]{subsubsection.2.3.1}{Day 1 - Twice-Baked Potatoes}{subsection.2.3}% 52
\BOOKMARK [3][-]{subsubsection.2.3.2}{Day 2}{subsection.2.3}% 53
\BOOKMARK [3][-]{subsubsection.2.3.3}{Day 3 - Homemade Ramen}{subsection.2.3}% 54
\BOOKMARK [3][-]{subsubsection.2.3.4}{Day 4}{subsection.2.3}% 55
\BOOKMARK [3][-]{subsubsection.2.3.5}{Day 5 - Roast Beef Sandwiches}{subsection.2.3}% 56
\BOOKMARK [3][-]{subsubsection.2.3.6}{Day 6}{subsection.2.3}% 57
\BOOKMARK [3][-]{subsubsection.2.3.7}{Day 7}{subsection.2.3}% 58
\BOOKMARK [2][-]{subsection.2.4}{Week 4}{section.2}% 59
\BOOKMARK [3][-]{subsubsection.2.4.1}{Day 1 - Vege Pork Udon}{subsection.2.4}% 60
\BOOKMARK [3][-]{subsubsection.2.4.2}{Day 2}{subsection.2.4}% 61
\BOOKMARK [3][-]{subsubsection.2.4.3}{Day 3 - Couscous \046 Yam Fries}{subsection.2.4}% 62
\BOOKMARK [3][-]{subsubsection.2.4.4}{Day 4}{subsection.2.4}% 63
\BOOKMARK [3][-]{subsubsection.2.4.5}{Day 5 - Cabbage Rolls}{subsection.2.4}% 64
\BOOKMARK [3][-]{subsubsection.2.4.6}{Day 6}{subsection.2.4}% 65
\BOOKMARK [3][-]{subsubsection.2.4.7}{Day 7}{subsection.2.4}% 66
\BOOKMARK [1][-]{appendix.A}{Breakfast stuff}{}% 67
\BOOKMARK [1][-]{appendix.B}{Things to have on hand}{}% 68
\BOOKMARK [1][-]{appendix.C}{Basic Spices}{}% 69
\BOOKMARK [1][-]{appendix.D}{Retired Recipes}{}% 70
\BOOKMARK [2][-]{subsubsection.D.0.1}{Cod}{appendix.D}% 71
\BOOKMARK [3][-]{subsubsection.D.0.2}{Lasagna \046 Steamed Broccoli}{subsubsection.D.0.1}% 72
\BOOKMARK [3][-]{subsubsection.D.0.3}{Spicy Udon}{subsubsection.D.0.1}% 73
